<?xml version="1.0" encoding="UTF-8"?>
<!-- Generated by org.testng.reporters.JUnitReportReporter -->
<testsuite hostname="DESKTOP-PKHDDAP" failures="0" tests="1" name="regressionTest.Testng" time="0.018" errors="0" timestamp="2023-06-16T07:23:58 GMT-07:00" skipped="0">
  <testcase classname="regressionTest.Testng" name="Login" time="0.018"/>
</testsuite> <!-- regressionTest.Testng -->
