<?xml version="1.0" encoding="UTF-8"?>
<!-- Generated by org.testng.reporters.JUnitReportReporter -->
<testsuite hostname="DESKTOP-PKHDDAP" failures="0" tests="1" name="regressionTest.LoginTestcase" time="16.482" errors="0" timestamp="2023-06-29T23:40:17 GMT-07:00" skipped="0">
  <testcase classname="regressionTest.LoginTestcase" name="Login" time="16.482"/>
</testsuite> <!-- regressionTest.LoginTestcase -->
