<?xml version="1.0" encoding="UTF-8"?>
<!-- Generated by org.testng.reporters.JUnitReportReporter -->
<testsuite hostname="DESKTOP-PKHDDAP" failures="0" tests="1" name="pageObject.ExcelRead" time="22.083" errors="0" timestamp="2023-06-26T20:23:30 GMT-07:00" skipped="0">
  <testcase classname="pageObject.ExcelRead" name="fileread" time="22.083"/>
</testsuite> <!-- pageObject.ExcelRead -->
