<?xml version="1.0" encoding="UTF-8"?>
<!-- Generated by org.testng.reporters.JUnitReportReporter -->
<testsuite hostname="DESKTOP-PKHDDAP" failures="0" tests="1" name="regressionTest.OrangeHrm" time="60.240" errors="0" timestamp="2023-06-25T19:54:55 GMT-07:00" skipped="0">
  <testcase classname="regressionTest.OrangeHrm" name="dropdown" time="60.240"/>
</testsuite> <!-- regressionTest.OrangeHrm -->
